<?xml version="1.0" encoding="utf-8"?><testsuites name="pytest tests"><testsuite name="pytest" errors="0" failures="1" skipped="0" tests="16" time="4.398" timestamp="2026-06-13T00:27:59.521940+00:00" hostname="agent-env-0e8b55aa-eecd-43bb-aedd-58077c3e92f5"><testcase classname="backend.tests.test_toplotto_v3.TestNotifications" name="test_notif_count_endpoint" time="0.677" /><testcase classname="backend.tests.test_toplotto_v3.TestNotifications" name="test_notif_list_endpoint" time="0.048" /><testcase classname="backend.tests.test_toplotto_v3.TestNotifications" name="test_result_triggers_notifications" time="1.054" /><testcase classname="backend.tests.test_toplotto_v3.TestNotifications" name="test_mark_read" time="0.094" /><testcase classname="backend.tests.test_toplotto_v3.TestNotifications" name="test_mark_all_read" time="0.096" /><testcase classname="backend.tests.test_toplotto_v3.TestEscPos" name="test_escpos_80mm" time="0.144" /><testcase classname="backend.tests.test_toplotto_v3.TestEscPos" name="test_escpos_58mm" time="0.142" /><testcase classname="backend.tests.test_toplotto_v3.TestNetworkPrint" name="test_network_print_unreachable_returns_500" time="0.148" /><testcase classname="backend.tests.test_toplotto_v3.TestSuperAdminTicketPowers" name="test_super_admin_edit_ticket" time="0.187" /><testcase classname="backend.tests.test_toplotto_v3.TestSuperAdminTicketPowers" name="test_super_admin_cancel_paid_ticket" time="0.288"><failure message="assert 500.0 == 0">backend/tests/test_toplotto_v3.py:187: in test_super_admin_cancel_paid_ticket
    assert got["payout_amount"] == 0
E   assert 500.0 == 0</failure></testcase><testcase classname="backend.tests.test_toplotto_v3.TestSuperAdminTicketPowers" name="test_super_admin_hard_delete_ticket" time="0.189" /><testcase classname="backend.tests.test_toplotto_v3.TestSuperAdminUser" name="test_hard_delete_user" time="0.410" /><testcase classname="backend.tests.test_toplotto_v3.TestSuperAdminUser" name="test_soft_delete_user" time="0.647" /><testcase classname="backend.tests.test_toplotto_v3.TestSuperAdminUser" name="test_cannot_delete_own_account" time="0.094" /><testcase classname="backend.tests.test_toplotto_v3.TestPWAAssets" name="test_manifest_accessible" time="0.096" /><testcase classname="backend.tests.test_toplotto_v3.TestPWAAssets" name="test_icon_accessible" time="0.044" /></testsuite></testsuites>