<?xml version="1.0" encoding="utf-8"?><testsuites name="pytest tests"><testsuite name="pytest" errors="0" failures="3" skipped="0" tests="16" time="4.346" timestamp="2026-06-13T00:24:20.568332+00:00" hostname="agent-env-0e8b55aa-eecd-43bb-aedd-58077c3e92f5"><testcase classname="backend.tests.test_toplotto_v3.TestNotifications" name="test_notif_count_endpoint" time="0.529" /><testcase classname="backend.tests.test_toplotto_v3.TestNotifications" name="test_notif_list_endpoint" time="0.053" /><testcase classname="backend.tests.test_toplotto_v3.TestNotifications" name="test_result_triggers_notifications" time="1.112" /><testcase classname="backend.tests.test_toplotto_v3.TestNotifications" name="test_mark_read" time="0.092" /><testcase classname="backend.tests.test_toplotto_v3.TestNotifications" name="test_mark_all_read" time="0.088" /><testcase classname="backend.tests.test_toplotto_v3.TestEscPos" name="test_escpos_80mm" time="0.138" /><testcase classname="backend.tests.test_toplotto_v3.TestEscPos" name="test_escpos_58mm" time="0.136" /><testcase classname="backend.tests.test_toplotto_v3.TestNetworkPrint" name="test_network_print_unreachable_returns_500" time="0.138" /><testcase classname="backend.tests.test_toplotto_v3.TestSuperAdminTicketPowers" name="test_super_admin_edit_ticket" time="0.172"><failure message="AssertionError: PUT /tickets/TL26061300022 -&gt; 405 {&quot;detail&quot;:&quot;Method Not Allowed&quot;}&#10;assert 405 == 200&#10; +  where 405 = &lt;Response [405]&gt;.status_code">backend/tests/test_toplotto_v3.py:157: in test_super_admin_edit_ticket
    assert r.status_code == 200, f"PUT /tickets/{tn} -&gt; {r.status_code} {r.text}"
E   AssertionError: PUT /tickets/TL26061300022 -&gt; 405 {"detail":"Method Not Allowed"}
E   assert 405 == 200
E    +  where 405 = &lt;Response [405]&gt;.status_code</failure></testcase><testcase classname="backend.tests.test_toplotto_v3.TestSuperAdminTicketPowers" name="test_super_admin_cancel_paid_ticket" time="0.239"><failure message="AssertionError: super_admin cancel paid ticket -&gt; 400 {&quot;detail&quot;:&quot;Ticket déjà payé - annulation impossible&quot;}&#10;assert 400 == 200&#10; +  where 400 = &lt;Response [400]&gt;.status_code">backend/tests/test_toplotto_v3.py:183: in test_super_admin_cancel_paid_ticket
    assert cr.status_code == 200, f"super_admin cancel paid ticket -&gt; {cr.status_code} {cr.text}"
E   AssertionError: super_admin cancel paid ticket -&gt; 400 {"detail":"Ticket déjà payé - annulation impossible"}
E   assert 400 == 200
E    +  where 400 = &lt;Response [400]&gt;.status_code</failure></testcase><testcase classname="backend.tests.test_toplotto_v3.TestSuperAdminTicketPowers" name="test_super_admin_hard_delete_ticket" time="0.192"><failure message="AssertionError: Hard-deleted ticket should 404, got 200&#10;assert 200 == 404&#10; +  where 200 = &lt;Response [200]&gt;.status_code">backend/tests/test_toplotto_v3.py:196: in test_super_admin_hard_delete_ticket
    assert g.status_code == 404, f"Hard-deleted ticket should 404, got {g.status_code}"
E   AssertionError: Hard-deleted ticket should 404, got 200
E   assert 200 == 404
E    +  where 200 = &lt;Response [200]&gt;.status_code</failure></testcase><testcase classname="backend.tests.test_toplotto_v3.TestSuperAdminUser" name="test_hard_delete_user" time="0.448" /><testcase classname="backend.tests.test_toplotto_v3.TestSuperAdminUser" name="test_soft_delete_user" time="0.635" /><testcase classname="backend.tests.test_toplotto_v3.TestSuperAdminUser" name="test_cannot_delete_own_account" time="0.089" /><testcase classname="backend.tests.test_toplotto_v3.TestPWAAssets" name="test_manifest_accessible" time="0.154" /><testcase classname="backend.tests.test_toplotto_v3.TestPWAAssets" name="test_icon_accessible" time="0.054" /></testsuite></testsuites>