<?xml version="1.0" encoding="utf-8"?><testsuites name="pytest tests"><testsuite name="pytest" errors="0" failures="0" skipped="1" tests="22" time="7.647" timestamp="2026-06-18T01:24:22.326569+00:00" hostname="agent-env-0e8b55aa-eecd-43bb-aedd-58077c3e92f5"><testcase classname="backend.tests.test_toplotto_v5.TestAuth" name="test_login_super_admin" time="0.417" /><testcase classname="backend.tests.test_toplotto_v5.TestSettings" name="test_get_settings_has_required_fields" time="0.504" /><testcase classname="backend.tests.test_toplotto_v5.TestSettings" name="test_put_settings_blocked_bolet_persists" time="0.103" /><testcase classname="backend.tests.test_toplotto_v5.TestSettings" name="test_put_settings_blocked_bolet_clear" time="0.061" /><testcase classname="backend.tests.test_toplotto_v5.TestBlockedBolet" name="test_blocked_bolet_rejects_sale" time="0.157" /><testcase classname="backend.tests.test_toplotto_v5.TestBlockedBolet" name="test_blocked_bolet_rejects_mariage_part" time="0.053" /><testcase classname="backend.tests.test_toplotto_v5.TestBlockedBolet" name="test_after_unblock_sale_succeeds" time="0.105" /><testcase classname="backend.tests.test_toplotto_v5.TestHaitiTimezone" name="test_ticket_number_uses_haiti_date" time="0.065" /><testcase classname="backend.tests.test_toplotto_v5.TestHaitiTimezone" name="test_dashboard_stats_uses_haiti_today" time="0.054" /><testcase classname="backend.tests.test_toplotto_v5.TestTicketFilters" name="test_filter_status_active" time="0.051" /><testcase classname="backend.tests.test_toplotto_v5.TestTicketFilters" name="test_filter_status_other[won]" time="0.049" /><testcase classname="backend.tests.test_toplotto_v5.TestTicketFilters" name="test_filter_status_other[lost]" time="0.047" /><testcase classname="backend.tests.test_toplotto_v5.TestTicketFilters" name="test_filter_status_other[cancelled]" time="0.047" /><testcase classname="backend.tests.test_toplotto_v5.TestTicketFilters" name="test_filter_status_paid" time="0.050" /><testcase classname="backend.tests.test_toplotto_v5.TestTicketFilters" name="test_filter_session[midday]" time="0.108" /><testcase classname="backend.tests.test_toplotto_v5.TestTicketFilters" name="test_filter_session[evening]" time="0.053"><skipped type="pytest.skip" message="no tickets for session evening">/app/backend/tests/test_toplotto_v5.py:200: no tickets for session evening</skipped></testcase><testcase classname="backend.tests.test_toplotto_v5.TestTicketFilters" name="test_filter_lottery_id" time="0.048" /><testcase classname="backend.tests.test_toplotto_v5.TestResultStatusUpdate" name="test_publish_result_updates_status" time="0.339" /><testcase classname="backend.tests.test_toplotto_v5.TestBulkDelete" name="test_bulk_delete_by_date_requires_super_admin" time="0.817" /><testcase classname="backend.tests.test_toplotto_v5.TestBulkDelete" name="test_bulk_delete_all_requires_super_admin" time="0.119" /><testcase classname="backend.tests.test_toplotto_v5.TestBulkDelete" name="test_bulk_delete_by_date_succeeds" time="0.248" /><testcase classname="backend.tests.test_toplotto_v5.TestAutoImport" name="test_manual_import_requires_token" time="4.093" /></testsuite></testsuites>