<?xml version="1.0" encoding="utf-8"?><testsuites name="pytest tests"><testsuite name="pytest" errors="2" failures="0" skipped="0" tests="2" time="0.100" timestamp="2026-06-13T02:47:41.159760+00:00" hostname="agent-env-0e8b55aa-eecd-43bb-aedd-58077c3e92f5"><testcase classname="" name="backend.tests.test_toplotto_api" time="0.000"><error message="collection failure">E   KeyError: 'REACT_APP_BACKEND_URL'</error></testcase><testcase classname="" name="backend.tests.test_toplotto_v3" time="0.000"><error message="collection failure">E   KeyError: 'REACT_APP_BACKEND_URL'</error></testcase></testsuite></testsuites>