<?xml version="1.0" encoding="utf-8"?><testsuites name="pytest tests"><testsuite name="pytest" errors="0" failures="0" skipped="1" tests="10" time="5.992" timestamp="2026-06-13T02:47:26.302478+00:00" hostname="agent-env-0e8b55aa-eecd-43bb-aedd-58077c3e92f5"><testcase classname="backend.tests.test_toplotto_v4.TestLotterySchema" name="test_list_lotteries_has_v4_fields" time="0.521" /><testcase classname="backend.tests.test_toplotto_v4.TestLotteryUpdatePermission" name="test_super_admin_can_update" time="0.180" /><testcase classname="backend.tests.test_toplotto_v4.TestLotteryUpdatePermission" name="test_non_super_admin_403" time="0.735" /><testcase classname="backend.tests.test_toplotto_v4.TestResultsImport" name="test_import_external_results" time="2.530" /><testcase classname="backend.tests.test_toplotto_v4.TestSalesWindow" name="test_tomorrow_always_succeeds" time="0.094" /><testcase classname="backend.tests.test_toplotto_v4.TestSalesWindow" name="test_today_past_window_blocked" time="0.049"><skipped type="pytest.skip" message="No lottery with local_date==utc_today has passed sales window">/app/backend/tests/test_toplotto_v4.py:143: No lottery with local_date==utc_today has passed sales window</skipped></testcase><testcase classname="backend.tests.test_toplotto_v4.TestAutoRecompute" name="test_results_post_updates_existing_tickets" time="0.492" /><testcase classname="backend.tests.test_toplotto_v4.TestCommissionPercent" name="test_create_user_with_commission" time="0.402" /><testcase classname="backend.tests.test_toplotto_v4.TestMachannCommission" name="test_machann_commission_endpoint" time="0.812" /><testcase classname="backend.tests.test_toplotto_v4.TestTicketPDF" name="test_pdf_endpoint" time="0.134" /></testsuite></testsuites>