<?xml version="1.0" encoding="utf-8"?><testsuites name="pytest tests"><testsuite name="pytest" errors="0" failures="0" skipped="0" tests="27" time="3.434" timestamp="2026-06-12T01:27:16.261147+00:00" hostname="agent-env-0e8b55aa-eecd-43bb-aedd-58077c3e92f5"><testcase classname="backend.tests.test_toplotto_api.TestAuth" name="test_login_success" time="0.425" /><testcase classname="backend.tests.test_toplotto_api.TestAuth" name="test_login_wrong_password" time="0.268" /><testcase classname="backend.tests.test_toplotto_api.TestAuth" name="test_me_with_token" time="0.431" /><testcase classname="backend.tests.test_toplotto_api.TestAuth" name="test_me_without_token" time="0.046" /><testcase classname="backend.tests.test_toplotto_api.TestLotteries" name="test_list_lotteries" time="0.053" /><testcase classname="backend.tests.test_toplotto_api.TestUsers" name="test_list_users" time="0.053" /><testcase classname="backend.tests.test_toplotto_api.TestUsers" name="test_create_user" time="0.289" /><testcase classname="backend.tests.test_toplotto_api.TestUsers" name="test_create_user_duplicate_email" time="0.049" /><testcase classname="backend.tests.test_toplotto_api.TestUsers" name="test_update_user" time="0.061" /><testcase classname="backend.tests.test_toplotto_api.TestUsers" name="test_machann_cannot_list_users" time="0.411" /><testcase classname="backend.tests.test_toplotto_api.TestAgencies" name="test_list_agencies" time="0.071" /><testcase classname="backend.tests.test_toplotto_api.TestAgencies" name="test_create_agency" time="0.047" /><testcase classname="backend.tests.test_toplotto_api.TestTicketsAndPayouts" name="test_create_ticket" time="0.117" /><testcase classname="backend.tests.test_toplotto_api.TestTicketsAndPayouts" name="test_get_ticket_no_result_yet" time="0.050" /><testcase classname="backend.tests.test_toplotto_api.TestTicketsAndPayouts" name="test_list_tickets" time="0.044" /><testcase classname="backend.tests.test_toplotto_api.TestTicketsAndPayouts" name="test_post_results" time="0.046" /><testcase classname="backend.tests.test_toplotto_api.TestTicketsAndPayouts" name="test_get_ticket_with_winning" time="0.046" /><testcase classname="backend.tests.test_toplotto_api.TestTicketsAndPayouts" name="test_pay_ticket" time="0.102" /><testcase classname="backend.tests.test_toplotto_api.TestTicketsAndPayouts" name="test_pay_ticket_twice_fails" time="0.045" /><testcase classname="backend.tests.test_toplotto_api.TestTicketsAndPayouts" name="test_machann_sees_only_own_tickets" time="0.130" /><testcase classname="backend.tests.test_toplotto_api.TestResults" name="test_list_results" time="0.051" /><testcase classname="backend.tests.test_toplotto_api.TestDashboard" name="test_dashboard_stats" time="0.050" /><testcase classname="backend.tests.test_toplotto_api.TestReports" name="test_sales_report" time="0.045" /><testcase classname="backend.tests.test_toplotto_api.TestReports" name="test_export_csv" time="0.049" /><testcase classname="backend.tests.test_toplotto_api.TestSettings" name="test_get_settings" time="0.047" /><testcase classname="backend.tests.test_toplotto_api.TestSettings" name="test_update_settings" time="0.133" /><testcase classname="backend.tests.test_toplotto_api.TestAuthorization" name="test_anon_protected_returns_401" time="0.225" /></testsuite></testsuites>