<?xml version="1.0" encoding="utf-8"?><testsuites name="pytest tests"><testsuite name="pytest" errors="0" failures="0" skipped="0" tests="21" time="4.371" timestamp="2026-06-12T02:14:43.407579+00:00" hostname="agent-env-0e8b55aa-eecd-43bb-aedd-58077c3e92f5"><testcase classname="backend.tests.test_toplotto_api.TestAuth" name="test_login_success" time="0.471" /><testcase classname="backend.tests.test_toplotto_api.TestAuth" name="test_login_wrong_password" time="0.266" /><testcase classname="backend.tests.test_toplotto_api.TestAuth" name="test_me_with_token" time="0.447" /><testcase classname="backend.tests.test_toplotto_api.TestAuth" name="test_me_without_token" time="0.047" /><testcase classname="backend.tests.test_toplotto_api.TestLotteries" name="test_list_lotteries_v2_structure" time="0.046" /><testcase classname="backend.tests.test_toplotto_api.TestSettings" name="test_get_settings_v2_payouts" time="0.047" /><testcase classname="backend.tests.test_toplotto_api.TestSettings" name="test_update_settings_payouts" time="0.134" /><testcase classname="backend.tests.test_toplotto_api.TestUsers" name="test_create_user" time="0.272" /><testcase classname="backend.tests.test_toplotto_api.TestTicketsBoletPosition" name="test_bolet_position_premye" time="0.193" /><testcase classname="backend.tests.test_toplotto_api.TestTicketsBoletPosition" name="test_bolet_position_dezyem" time="0.214" /><testcase classname="backend.tests.test_toplotto_api.TestTicketsBoletPosition" name="test_bolet_position_twazyem" time="0.187" /><testcase classname="backend.tests.test_toplotto_api.TestTicketsBoletPosition" name="test_mariage_payout" time="0.189" /><testcase classname="backend.tests.test_toplotto_api.TestTicketsBoletPosition" name="test_mariage_loses_if_only_one_match" time="0.188" /><testcase classname="backend.tests.test_toplotto_api.TestTicketsBoletPosition" name="test_pick3_payout" time="0.192" /><testcase classname="backend.tests.test_toplotto_api.TestTicketsBoletPosition" name="test_pick4_payout" time="0.223" /><testcase classname="backend.tests.test_toplotto_api.TestTicketsBoletPosition" name="test_pick5_payout" time="0.195" /><testcase classname="backend.tests.test_toplotto_api.TestTicketsBoletPosition" name="test_pay_flow_and_double_pay_rejected" time="0.238" /><testcase classname="backend.tests.test_toplotto_api.TestTicketsBoletPosition" name="test_cancel_unpaid_then_block_paid" time="0.353" /><testcase classname="backend.tests.test_toplotto_api.TestResultsV2" name="test_upsert_and_get_results" time="0.142" /><testcase classname="backend.tests.test_toplotto_api.TestDashboard" name="test_dashboard_stats" time="0.052" /><testcase classname="backend.tests.test_toplotto_api.TestAuthorization" name="test_anon_protected_returns_401" time="0.222" /></testsuite></testsuites>