<?xml version="1.0" encoding="utf-8"?><testsuites name="pytest tests"><testsuite name="pytest" errors="2" failures="1" skipped="0" tests="17" time="2.212" timestamp="2026-06-18T02:24:17.822458+00:00" hostname="agent-env-0e8b55aa-eecd-43bb-aedd-58077c3e92f5"><testcase classname="backend.tests.test_toplotto_v7.TestVapid" name="test_vapid_public_key_no_auth" time="0.198" /><testcase classname="backend.tests.test_toplotto_v7.TestVapid" name="test_vapid_persisted_in_mongo" time="0.083" /><testcase classname="backend.tests.test_toplotto_v7.TestVapid" name="test_vapid_public_key_stable_across_calls" time="0.094" /><testcase classname="backend.tests.test_toplotto_v7.TestPublicVerify" name="test_public_verify_valid_no_auth" time="0.576"><error message="failed on setup with &quot;AssertionError: {&quot;detail&quot;:[{&quot;type&quot;:&quot;missing&quot;,&quot;loc&quot;:[&quot;body&quot;,&quot;currency&quot;],&quot;msg&quot;:&quot;Field required&quot;,&quot;input&quot;:{&quot;machann_id&quot;:&quot;cd9f3bab-79bf-4be9-b57f-3f78baa922dd&quot;,&quot;lottery_id&quot;:&quot;2b48f860-91e6-449b-bea9-06fe6af30123&quot;,&quot;draw_date&quot;:&quot;2099-12-31&quot;,&quot;customer_name&quot;:&quot;TEST V7 PubVerify&quot;,&quot;items&quot;:[{&quot;type&quot;:&quot;bolet&quot;,&quot;numbers&quot;:&quot;12&quot;,&quot;amount&quot;:10}]}},{&quot;type&quot;:&quot;missing&quot;,&quot;loc&quot;:[&quot;body&quot;,&quot;items&quot;,0,&quot;game&quot;],&quot;msg&quot;:&quot;Field required&quot;,&quot;input&quot;:{&quot;type&quot;:&quot;bolet&quot;,&quot;numbers&quot;:&quot;12&quot;,&quot;amount&quot;:10}},{&quot;type&quot;:&quot;missing&quot;,&quot;loc&quot;:[&quot;body&quot;,&quot;items&quot;,0,&quot;number&quot;],&quot;msg&quot;:&quot;Field required&quot;,&quot;input&quot;:{&quot;type&quot;:&quot;bolet&quot;,&quot;numbers&quot;:&quot;12&quot;,&quot;amount&quot;:10}}]}&#10;assert 422 in (200, 201)&#10; +  where 422 = &lt;Response [422]&gt;.status_code&quot;">backend/tests/test_toplotto_v7.py:87: in sample_ticket
    assert r.status_code in (200, 201), r.text
E   AssertionError: {"detail":[{"type":"missing","loc":["body","currency"],"msg":"Field required","input":{"machann_id":"cd9f3bab-79bf-4be9-b57f-3f78baa922dd","lottery_id":"2b48f860-91e6-449b-bea9-06fe6af30123","draw_date":"2099-12-31","customer_name":"TEST V7 PubVerify","items":[{"type":"bolet","numbers":"12","amount":10}]}},{"type":"missing","loc":["body","items",0,"game"],"msg":"Field required","input":{"type":"bolet","numbers":"12","amount":10}},{"type":"missing","loc":["body","items",0,"number"],"msg":"Field required","input":{"type":"bolet","numbers":"12","amount":10}}]}
E   assert 422 in (200, 201)
E    +  where 422 = &lt;Response [422]&gt;.status_code</error></testcase><testcase classname="backend.tests.test_toplotto_v7.TestPublicVerify" name="test_public_verify_invalid_returns_404" time="0.050" /><testcase classname="backend.tests.test_toplotto_v7.TestPublicVerify" name="test_public_verify_does_not_require_auth_header" time="0.000"><error message="failed on setup with &quot;AssertionError: {&quot;detail&quot;:[{&quot;type&quot;:&quot;missing&quot;,&quot;loc&quot;:[&quot;body&quot;,&quot;currency&quot;],&quot;msg&quot;:&quot;Field required&quot;,&quot;input&quot;:{&quot;machann_id&quot;:&quot;cd9f3bab-79bf-4be9-b57f-3f78baa922dd&quot;,&quot;lottery_id&quot;:&quot;2b48f860-91e6-449b-bea9-06fe6af30123&quot;,&quot;draw_date&quot;:&quot;2099-12-31&quot;,&quot;customer_name&quot;:&quot;TEST V7 PubVerify&quot;,&quot;items&quot;:[{&quot;type&quot;:&quot;bolet&quot;,&quot;numbers&quot;:&quot;12&quot;,&quot;amount&quot;:10}]}},{&quot;type&quot;:&quot;missing&quot;,&quot;loc&quot;:[&quot;body&quot;,&quot;items&quot;,0,&quot;game&quot;],&quot;msg&quot;:&quot;Field required&quot;,&quot;input&quot;:{&quot;type&quot;:&quot;bolet&quot;,&quot;numbers&quot;:&quot;12&quot;,&quot;amount&quot;:10}},{&quot;type&quot;:&quot;missing&quot;,&quot;loc&quot;:[&quot;body&quot;,&quot;items&quot;,0,&quot;number&quot;],&quot;msg&quot;:&quot;Field required&quot;,&quot;input&quot;:{&quot;type&quot;:&quot;bolet&quot;,&quot;numbers&quot;:&quot;12&quot;,&quot;amount&quot;:10}}]}&#10;assert 422 in (200, 201)&#10; +  where 422 = &lt;Response [422]&gt;.status_code&quot;">backend/tests/test_toplotto_v7.py:87: in sample_ticket
    assert r.status_code in (200, 201), r.text
E   AssertionError: {"detail":[{"type":"missing","loc":["body","currency"],"msg":"Field required","input":{"machann_id":"cd9f3bab-79bf-4be9-b57f-3f78baa922dd","lottery_id":"2b48f860-91e6-449b-bea9-06fe6af30123","draw_date":"2099-12-31","customer_name":"TEST V7 PubVerify","items":[{"type":"bolet","numbers":"12","amount":10}]}},{"type":"missing","loc":["body","items",0,"game"],"msg":"Field required","input":{"type":"bolet","numbers":"12","amount":10}},{"type":"missing","loc":["body","items",0,"number"],"msg":"Field required","input":{"type":"bolet","numbers":"12","amount":10}}]}
E   assert 422 in (200, 201)
E    +  where 422 = &lt;Response [422]&gt;.status_code</error></testcase><testcase classname="backend.tests.test_toplotto_v7.TestReportsPdf" name="test_reports_pdf_each_group[day]" time="0.053" /><testcase classname="backend.tests.test_toplotto_v7.TestReportsPdf" name="test_reports_pdf_each_group[machann]" time="0.049" /><testcase classname="backend.tests.test_toplotto_v7.TestReportsPdf" name="test_reports_pdf_each_group[lottery]" time="0.165" /><testcase classname="backend.tests.test_toplotto_v7.TestReportsPdf" name="test_reports_pdf_each_group[agency]" time="0.050" /><testcase classname="backend.tests.test_toplotto_v7.TestReportsPdf" name="test_reports_pdf_unauth" time="0.055" /><testcase classname="backend.tests.test_toplotto_v7.TestPushEndpoints" name="test_subscribe_saves_doc" time="0.075" /><testcase classname="backend.tests.test_toplotto_v7.TestPushEndpoints" name="test_subscribe_requires_auth" time="0.047" /><testcase classname="backend.tests.test_toplotto_v7.TestPushEndpoints" name="test_push_test_super_admin_returns_sent_cleaned" time="0.110"><failure message="AssertionError: Internal Server Error&#10;assert 500 == 200&#10; +  where 500 = &lt;Response [500]&gt;.status_code">backend/tests/test_toplotto_v7.py:163: in test_push_test_super_admin_returns_sent_cleaned
    assert r.status_code == 200, r.text
E   AssertionError: Internal Server Error
E   assert 500 == 200
E    +  where 500 = &lt;Response [500]&gt;.status_code</failure></testcase><testcase classname="backend.tests.test_toplotto_v7.TestPushEndpoints" name="test_unsubscribe_removes_doc" time="0.093" /><testcase classname="backend.tests.test_toplotto_v7.TestTicketPdfWithQr" name="test_ticket_pdf_contains_qr_and_logo" time="0.278" /><testcase classname="backend.tests.test_toplotto_v7.TestResultPushTrigger" name="test_post_result_triggers_push_silently" time="0.092" /></testsuite></testsuites>