<?xml version="1.0" encoding="utf-8"?><testsuites name="pytest tests"><testsuite name="pytest" errors="0" failures="1" skipped="0" tests="37" time="9.003" timestamp="2026-06-13T00:29:22.371512+00:00" hostname="agent-env-0e8b55aa-eecd-43bb-aedd-58077c3e92f5"><testcase classname="backend.tests.test_toplotto_api.TestAuth" name="test_login_success" time="0.426" /><testcase classname="backend.tests.test_toplotto_api.TestAuth" name="test_login_wrong_password" time="0.297" /><testcase classname="backend.tests.test_toplotto_api.TestAuth" name="test_me_with_token" time="0.468" /><testcase classname="backend.tests.test_toplotto_api.TestAuth" name="test_me_without_token" time="0.057" /><testcase classname="backend.tests.test_toplotto_api.TestLotteries" name="test_list_lotteries_v2_structure" time="0.048" /><testcase classname="backend.tests.test_toplotto_api.TestSettings" name="test_get_settings_v2_payouts" time="0.050" /><testcase classname="backend.tests.test_toplotto_api.TestSettings" name="test_update_settings_payouts" time="0.095" /><testcase classname="backend.tests.test_toplotto_api.TestUsers" name="test_create_user" time="0.320" /><testcase classname="backend.tests.test_toplotto_api.TestTicketsBoletPosition" name="test_bolet_position_premye" time="0.195" /><testcase classname="backend.tests.test_toplotto_api.TestTicketsBoletPosition" name="test_bolet_position_dezyem" time="0.197" /><testcase classname="backend.tests.test_toplotto_api.TestTicketsBoletPosition" name="test_bolet_position_twazyem" time="0.192" /><testcase classname="backend.tests.test_toplotto_api.TestTicketsBoletPosition" name="test_mariage_payout" time="0.201" /><testcase classname="backend.tests.test_toplotto_api.TestTicketsBoletPosition" name="test_mariage_loses_if_only_one_match" time="0.195" /><testcase classname="backend.tests.test_toplotto_api.TestTicketsBoletPosition" name="test_pick3_payout" time="0.216" /><testcase classname="backend.tests.test_toplotto_api.TestTicketsBoletPosition" name="test_pick4_payout" time="0.209" /><testcase classname="backend.tests.test_toplotto_api.TestTicketsBoletPosition" name="test_pick5_payout" time="0.198" /><testcase classname="backend.tests.test_toplotto_api.TestTicketsBoletPosition" name="test_pay_flow_and_double_pay_rejected" time="0.241" /><testcase classname="backend.tests.test_toplotto_api.TestTicketsBoletPosition" name="test_cancel_unpaid_then_block_paid" time="1.081" /><testcase classname="backend.tests.test_toplotto_api.TestResultsV2" name="test_upsert_and_get_results" time="0.150" /><testcase classname="backend.tests.test_toplotto_api.TestDashboard" name="test_dashboard_stats" time="0.053" /><testcase classname="backend.tests.test_toplotto_api.TestAuthorization" name="test_anon_protected_returns_401" time="0.229" /><testcase classname="backend.tests.test_toplotto_v3.TestNotifications" name="test_notif_count_endpoint" time="0.045" /><testcase classname="backend.tests.test_toplotto_v3.TestNotifications" name="test_notif_list_endpoint" time="0.046" /><testcase classname="backend.tests.test_toplotto_v3.TestNotifications" name="test_result_triggers_notifications" time="1.100" /><testcase classname="backend.tests.test_toplotto_v3.TestNotifications" name="test_mark_read" time="0.099" /><testcase classname="backend.tests.test_toplotto_v3.TestNotifications" name="test_mark_all_read" time="0.096" /><testcase classname="backend.tests.test_toplotto_v3.TestEscPos" name="test_escpos_80mm" time="0.143" /><testcase classname="backend.tests.test_toplotto_v3.TestEscPos" name="test_escpos_58mm" time="0.157" /><testcase classname="backend.tests.test_toplotto_v3.TestNetworkPrint" name="test_network_print_unreachable_returns_500" time="0.145" /><testcase classname="backend.tests.test_toplotto_v3.TestSuperAdminTicketPowers" name="test_super_admin_edit_ticket" time="0.191" /><testcase classname="backend.tests.test_toplotto_v3.TestSuperAdminTicketPowers" name="test_super_admin_cancel_paid_ticket" time="0.312"><failure message="assert 500.0 == 0">backend/tests/test_toplotto_v3.py:187: in test_super_admin_cancel_paid_ticket
    assert got["payout_amount"] == 0
E   assert 500.0 == 0</failure></testcase><testcase classname="backend.tests.test_toplotto_v3.TestSuperAdminTicketPowers" name="test_super_admin_hard_delete_ticket" time="0.181" /><testcase classname="backend.tests.test_toplotto_v3.TestSuperAdminUser" name="test_hard_delete_user" time="0.428" /><testcase classname="backend.tests.test_toplotto_v3.TestSuperAdminUser" name="test_soft_delete_user" time="0.650" /><testcase classname="backend.tests.test_toplotto_v3.TestSuperAdminUser" name="test_cannot_delete_own_account" time="0.093" /><testcase classname="backend.tests.test_toplotto_v3.TestPWAAssets" name="test_manifest_accessible" time="0.048" /><testcase classname="backend.tests.test_toplotto_v3.TestPWAAssets" name="test_icon_accessible" time="0.044" /></testsuite></testsuites>